<?xml version="1.0" encoding="UTF-8"?>
<testsuite xmlns:xsi="http://www.w3.org/2001/XMLSchema-instance" xsi:noNamespaceSchemaLocation="https://maven.apache.org/surefire/maven-surefire-plugin/xsd/surefire-test-report.xsd" name="TestSuite" time="46.91" tests="4" errors="0" skipped="0" failures="1">
  <properties>
[...]
</properties>
  <testcase name="addNewTaskAllFieldsTest" classname="com.apitests.test.suites.task.CreateNewTaskTest" time="37.271"/>
  <testcase name="addNewTaskEmptyMandatoryFieldsTest" classname="com.apitests.test.suites.task.CreateNewTaskTest" time="2.426"/>
  <testcase name="addNewTaskEmptyMandatoryFieldsTest" classname="com.apitests.test.suites.task.CreateNewTaskTest" time="2.588"/>
  <testcase name="addNewTaskMandatoryFieldsTest" classname="com.apitests.test.suites.task.CreateNewTaskTest" time="0.704">
    <failure message="1 expectation failed.&#10;Expected status code &lt;200&gt; but was &lt;429&gt;.&#10;" type="java.lang.AssertionError"><![CDATA[java.lang.AssertionError: 
1 expectation failed.
Expected status code <200> but was <429>.

	at com.apitests.test.suites.task.CreateNewTaskTest.addNewTaskMandatoryFieldsTest(CreateNewTaskTest.java:24)
]]></failure>
    <system-out><![CDATA[Request params:	<none>
Query params:	password=Example1234
				full_name=Bearer Example1234
				email=gxnqVp@example.com
Form params:	<none>
Path params:	<none>
Multiparts:		<none>
Body:			<none>
]]></system-out>
    <system-err><![CDATA[44640 [TestNG-test=Task tests-1] INFO com.apitests.test.suites.task.CreateNewTaskTest - Start addNewTaskMandatoryFieldsTest: 
]]></system-err>
  </testcase>
</testsuite>